CRITICAL - 2023-11-10 06:48:42 --> Function name must be a string
in APPPATH\Views\student\update_student.php on line 28.
 1 SYSTEMPATH\View\View.php(228): include()
 2 SYSTEMPATH\View\View.php(231): CodeIgniter\View\View->CodeIgniter\View\{closure}()
 3 SYSTEMPATH\Common.php(1190): CodeIgniter\View\View->render('student/update_student', [], true)
 4 APPPATH\Controllers\StudentController.php(73): view('student/update_student', [...])
 5 SYSTEMPATH\CodeIgniter.php(942): App\Controllers\StudentController->update_record('1')
 6 SYSTEMPATH\CodeIgniter.php(502): CodeIgniter\CodeIgniter->runController(Object(App\Controllers\StudentController))
 7 SYSTEMPATH\CodeIgniter.php(361): CodeIgniter\CodeIgniter->handleRequest(null, Object(Config\Cache), false)
 8 FCPATH\index.php(79): CodeIgniter\CodeIgniter->run()
CRITICAL - 2023-11-10 06:49:16 --> Function name must be a string
in APPPATH\Views\student\update_student.php on line 28.
 1 SYSTEMPATH\View\View.php(228): include()
 2 SYSTEMPATH\View\View.php(231): CodeIgniter\View\View->CodeIgniter\View\{closure}()
 3 SYSTEMPATH\Common.php(1190): CodeIgniter\View\View->render('student/update_student', [], true)
 4 APPPATH\Controllers\StudentController.php(73): view('student/update_student', [...])
 5 SYSTEMPATH\CodeIgniter.php(942): App\Controllers\StudentController->update_record('1')
 6 SYSTEMPATH\CodeIgniter.php(502): CodeIgniter\CodeIgniter->runController(Object(App\Controllers\StudentController))
 7 SYSTEMPATH\CodeIgniter.php(361): CodeIgniter\CodeIgniter->handleRequest(null, Object(Config\Cache), false)
 8 FCPATH\index.php(79): CodeIgniter\CodeIgniter->run()
CRITICAL - 2023-11-10 06:49:19 --> Function name must be a string
in APPPATH\Views\student\update_student.php on line 28.
 1 SYSTEMPATH\View\View.php(228): include()
 2 SYSTEMPATH\View\View.php(231): CodeIgniter\View\View->CodeIgniter\View\{closure}()
 3 SYSTEMPATH\Common.php(1190): CodeIgniter\View\View->render('student/update_student', [], true)
 4 APPPATH\Controllers\StudentController.php(73): view('student/update_student', [...])
 5 SYSTEMPATH\CodeIgniter.php(942): App\Controllers\StudentController->update_record('1')
 6 SYSTEMPATH\CodeIgniter.php(502): CodeIgniter\CodeIgniter->runController(Object(App\Controllers\StudentController))
 7 SYSTEMPATH\CodeIgniter.php(361): CodeIgniter\CodeIgniter->handleRequest(null, Object(Config\Cache), false)
 8 FCPATH\index.php(79): CodeIgniter\CodeIgniter->run()
CRITICAL - 2023-11-10 06:50:15 --> Function name must be a string
in APPPATH\Views\student\update_student.php on line 28.
 1 SYSTEMPATH\View\View.php(228): include()
 2 SYSTEMPATH\View\View.php(231): CodeIgniter\View\View->CodeIgniter\View\{closure}()
 3 SYSTEMPATH\Common.php(1190): CodeIgniter\View\View->render('student/update_student', [], true)
 4 APPPATH\Controllers\StudentController.php(73): view('student/update_student', [...])
 5 SYSTEMPATH\CodeIgniter.php(942): App\Controllers\StudentController->update_record('1')
 6 SYSTEMPATH\CodeIgniter.php(502): CodeIgniter\CodeIgniter->runController(Object(App\Controllers\StudentController))
 7 SYSTEMPATH\CodeIgniter.php(361): CodeIgniter\CodeIgniter->handleRequest(null, Object(Config\Cache), false)
 8 FCPATH\index.php(79): CodeIgniter\CodeIgniter->run()
CRITICAL - 2023-11-10 06:55:42 --> Argument 2 passed to view() must be of the type array, null given, called in C:\xampp\htdocs\CI4\app\Controllers\StudentController.php on line 73
in SYSTEMPATH\Common.php on line 1178.
 1 APPPATH\Controllers\StudentController.php(73): view('student/update_student', null)
 2 SYSTEMPATH\CodeIgniter.php(942): App\Controllers\StudentController->edit('1')
 3 SYSTEMPATH\CodeIgniter.php(502): CodeIgniter\CodeIgniter->runController(Object(App\Controllers\StudentController))
 4 SYSTEMPATH\CodeIgniter.php(361): CodeIgniter\CodeIgniter->handleRequest(null, Object(Config\Cache), false)
 5 FCPATH\index.php(79): CodeIgniter\CodeIgniter->run()
CRITICAL - 2023-11-10 07:30:54 --> unlink(public/upload/): Is a directory
in APPPATH\Controllers\StudentController.php on line 103.
 1 [internal function]: CodeIgniter\Debug\Exceptions->errorHandler(2, 'unlink(public/upload/): Is a directory', 'C:\\xampp\\htdocs\\CI4\\app\\Controllers\\StudentController.php', 103, [...])
 2 APPPATH\Controllers\StudentController.php(103): unlink('public/upload/')
 3 SYSTEMPATH\CodeIgniter.php(942): App\Controllers\StudentController->delete('3')
 4 SYSTEMPATH\CodeIgniter.php(502): CodeIgniter\CodeIgniter->runController(Object(App\Controllers\StudentController))
 5 SYSTEMPATH\CodeIgniter.php(361): CodeIgniter\CodeIgniter->handleRequest(null, Object(Config\Cache), false)
 6 FCPATH\index.php(79): CodeIgniter\CodeIgniter->run()
CRITICAL - 2023-11-10 07:32:17 --> unlink(public/upload/): Is a directory
in APPPATH\Controllers\StudentController.php on line 103.
 1 [internal function]: CodeIgniter\Debug\Exceptions->errorHandler(2, 'unlink(public/upload/): Is a directory', 'C:\\xampp\\htdocs\\CI4\\app\\Controllers\\StudentController.php', 103, [...])
 2 APPPATH\Controllers\StudentController.php(103): unlink('public/upload/')
 3 SYSTEMPATH\CodeIgniter.php(942): App\Controllers\StudentController->delete('3')
 4 SYSTEMPATH\CodeIgniter.php(502): CodeIgniter\CodeIgniter->runController(Object(App\Controllers\StudentController))
 5 SYSTEMPATH\CodeIgniter.php(361): CodeIgniter\CodeIgniter->handleRequest(null, Object(Config\Cache), false)
 6 FCPATH\index.php(79): CodeIgniter\CodeIgniter->run()
