CRITICAL - 2023-12-06 10:48:18 --> Undefined index: created_at
in APPPATH\Views\blog\index.php on line 34.
 1 APPPATH\Views\blog\index.php(34): CodeIgniter\Debug\Exceptions->errorHandler(8, 'Undefined index: created_at', 'C:\\xampp\\htdocs\\CI4\\app\\Views\\blog\\index.php', 34, [...])
 2 SYSTEMPATH\View\View.php(228): include('C:\\xampp\\htdocs\\CI4\\app\\Views\\blog\\index.php')
 3 SYSTEMPATH\View\View.php(231): CodeIgniter\View\View->CodeIgniter\View\{closure}()
 4 SYSTEMPATH\Common.php(1190): CodeIgniter\View\View->render('blog/index', [], true)
 5 APPPATH\Controllers\Blog.php(19): view('blog/index', [...])
 6 SYSTEMPATH\CodeIgniter.php(942): App\Controllers\Blog->index()
 7 SYSTEMPATH\CodeIgniter.php(502): CodeIgniter\CodeIgniter->runController(Object(App\Controllers\Blog))
 8 SYSTEMPATH\CodeIgniter.php(361): CodeIgniter\CodeIgniter->handleRequest(null, Object(Config\Cache), false)
 9 FCPATH\index.php(79): CodeIgniter\CodeIgniter->run()
CRITICAL - 2023-12-06 10:48:23 --> Undefined index: created_at
in APPPATH\Views\blog\index.php on line 34.
 1 APPPATH\Views\blog\index.php(34): CodeIgniter\Debug\Exceptions->errorHandler(8, 'Undefined index: created_at', 'C:\\xampp\\htdocs\\CI4\\app\\Views\\blog\\index.php', 34, [...])
 2 SYSTEMPATH\View\View.php(228): include('C:\\xampp\\htdocs\\CI4\\app\\Views\\blog\\index.php')
 3 SYSTEMPATH\View\View.php(231): CodeIgniter\View\View->CodeIgniter\View\{closure}()
 4 SYSTEMPATH\Common.php(1190): CodeIgniter\View\View->render('blog/index', [], true)
 5 APPPATH\Controllers\Blog.php(19): view('blog/index', [...])
 6 SYSTEMPATH\CodeIgniter.php(942): App\Controllers\Blog->index()
 7 SYSTEMPATH\CodeIgniter.php(502): CodeIgniter\CodeIgniter->runController(Object(App\Controllers\Blog))
 8 SYSTEMPATH\CodeIgniter.php(361): CodeIgniter\CodeIgniter->handleRequest(null, Object(Config\Cache), false)
 9 FCPATH\index.php(79): CodeIgniter\CodeIgniter->run()
