CRITICAL - 2023-11-30 07:11:13 --> Class 'App\Controllers\AppModelsPostModel' not found
in APPPATH\Controllers\PostController.php on line 46.
 1 SYSTEMPATH\CodeIgniter.php(942): App\Controllers\PostController->fetch()
 2 SYSTEMPATH\CodeIgniter.php(502): CodeIgniter\CodeIgniter->runController(Object(App\Controllers\PostController))
 3 SYSTEMPATH\CodeIgniter.php(361): CodeIgniter\CodeIgniter->handleRequest(null, Object(Config\Cache), false)
 4 FCPATH\index.php(79): CodeIgniter\CodeIgniter->run()
CRITICAL - 2023-11-30 07:12:01 --> Class 'App\Controllers\ConfigServices' not found
in APPPATH\Controllers\PostController.php on line 25.
 1 SYSTEMPATH\CodeIgniter.php(942): App\Controllers\PostController->add()
 2 SYSTEMPATH\CodeIgniter.php(502): CodeIgniter\CodeIgniter->runController(Object(App\Controllers\PostController))
 3 SYSTEMPATH\CodeIgniter.php(361): CodeIgniter\CodeIgniter->handleRequest(null, Object(Config\Cache), false)
 4 FCPATH\index.php(79): CodeIgniter\CodeIgniter->run()
CRITICAL - 2023-11-30 07:12:06 --> Class 'App\Controllers\ConfigServices' not found
in APPPATH\Controllers\PostController.php on line 25.
 1 SYSTEMPATH\CodeIgniter.php(942): App\Controllers\PostController->add()
 2 SYSTEMPATH\CodeIgniter.php(502): CodeIgniter\CodeIgniter->runController(Object(App\Controllers\PostController))
 3 SYSTEMPATH\CodeIgniter.php(361): CodeIgniter\CodeIgniter->handleRequest(null, Object(Config\Cache), false)
 4 FCPATH\index.php(79): CodeIgniter\CodeIgniter->run()
CRITICAL - 2023-11-30 07:12:07 --> Class 'App\Controllers\ConfigServices' not found
in APPPATH\Controllers\PostController.php on line 25.
 1 SYSTEMPATH\CodeIgniter.php(942): App\Controllers\PostController->add()
 2 SYSTEMPATH\CodeIgniter.php(502): CodeIgniter\CodeIgniter->runController(Object(App\Controllers\PostController))
 3 SYSTEMPATH\CodeIgniter.php(361): CodeIgniter\CodeIgniter->handleRequest(null, Object(Config\Cache), false)
 4 FCPATH\index.php(79): CodeIgniter\CodeIgniter->run()
CRITICAL - 2023-11-30 07:12:12 --> Class 'App\Controllers\AppModelsPostModel' not found
in APPPATH\Controllers\PostController.php on line 46.
 1 SYSTEMPATH\CodeIgniter.php(942): App\Controllers\PostController->fetch()
 2 SYSTEMPATH\CodeIgniter.php(502): CodeIgniter\CodeIgniter->runController(Object(App\Controllers\PostController))
 3 SYSTEMPATH\CodeIgniter.php(361): CodeIgniter\CodeIgniter->handleRequest(null, Object(Config\Cache), false)
 4 FCPATH\index.php(79): CodeIgniter\CodeIgniter->run()
CRITICAL - 2023-11-30 07:12:43 --> Class 'App\Controllers\AppModelsPostModel' not found
in APPPATH\Controllers\PostController.php on line 46.
 1 SYSTEMPATH\CodeIgniter.php(942): App\Controllers\PostController->fetch()
 2 SYSTEMPATH\CodeIgniter.php(502): CodeIgniter\CodeIgniter->runController(Object(App\Controllers\PostController))
 3 SYSTEMPATH\CodeIgniter.php(361): CodeIgniter\CodeIgniter->handleRequest(null, Object(Config\Cache), false)
 4 FCPATH\index.php(79): CodeIgniter\CodeIgniter->run()
CRITICAL - 2023-11-30 07:13:59 --> Class 'App\Controllers\App\Models\PostModel' not found
in APPPATH\Controllers\PostController.php on line 46.
 1 SYSTEMPATH\CodeIgniter.php(942): App\Controllers\PostController->fetch()
 2 SYSTEMPATH\CodeIgniter.php(502): CodeIgniter\CodeIgniter->runController(Object(App\Controllers\PostController))
 3 SYSTEMPATH\CodeIgniter.php(361): CodeIgniter\CodeIgniter->handleRequest(null, Object(Config\Cache), false)
 4 FCPATH\index.php(79): CodeIgniter\CodeIgniter->run()
CRITICAL - 2023-11-30 07:14:03 --> Class 'App\Controllers\App\Models\PostModel' not found
in APPPATH\Controllers\PostController.php on line 46.
 1 SYSTEMPATH\CodeIgniter.php(942): App\Controllers\PostController->fetch()
 2 SYSTEMPATH\CodeIgniter.php(502): CodeIgniter\CodeIgniter->runController(Object(App\Controllers\PostController))
 3 SYSTEMPATH\CodeIgniter.php(361): CodeIgniter\CodeIgniter->handleRequest(null, Object(Config\Cache), false)
 4 FCPATH\index.php(79): CodeIgniter\CodeIgniter->run()
CRITICAL - 2023-11-30 08:15:29 --> Call to undefined function form_open()
in APPPATH\Views\blog\create.php on line 2.
 1 SYSTEMPATH\View\View.php(228): include()
 2 SYSTEMPATH\View\View.php(231): CodeIgniter\View\View->CodeIgniter\View\{closure}()
 3 SYSTEMPATH\Common.php(1190): CodeIgniter\View\View->render('blog/create', [], true)
 4 APPPATH\Views\blog\index.php(55): view('blog/create')
 5 SYSTEMPATH\View\View.php(228): include('C:\\xampp\\htdocs\\CI4\\app\\Views\\blog\\index.php')
 6 SYSTEMPATH\View\View.php(231): CodeIgniter\View\View->CodeIgniter\View\{closure}()
 7 SYSTEMPATH\Common.php(1190): CodeIgniter\View\View->render('blog/index', [], true)
 8 APPPATH\Controllers\Blog.php(14): view('blog/index', [...])
 9 SYSTEMPATH\CodeIgniter.php(942): App\Controllers\Blog->index()
10 SYSTEMPATH\CodeIgniter.php(502): CodeIgniter\CodeIgniter->runController(Object(App\Controllers\Blog))
11 SYSTEMPATH\CodeIgniter.php(361): CodeIgniter\CodeIgniter->handleRequest(null, Object(Config\Cache), false)
12 FCPATH\index.php(79): CodeIgniter\CodeIgniter->run()
CRITICAL - 2023-11-30 08:16:43 --> Call to undefined function form_open()
in APPPATH\Views\blog\create.php on line 2.
 1 SYSTEMPATH\View\View.php(228): include()
 2 SYSTEMPATH\View\View.php(231): CodeIgniter\View\View->CodeIgniter\View\{closure}()
 3 SYSTEMPATH\Common.php(1190): CodeIgniter\View\View->render('blog/create', [], true)
 4 APPPATH\Views\blog\index.php(55): view('blog/create')
 5 SYSTEMPATH\View\View.php(228): include('C:\\xampp\\htdocs\\CI4\\app\\Views\\blog\\index.php')
 6 SYSTEMPATH\View\View.php(231): CodeIgniter\View\View->CodeIgniter\View\{closure}()
 7 SYSTEMPATH\Common.php(1190): CodeIgniter\View\View->render('blog/index', [], true)
 8 APPPATH\Controllers\Blog.php(14): view('blog/index', [...])
 9 SYSTEMPATH\CodeIgniter.php(942): App\Controllers\Blog->index()
10 SYSTEMPATH\CodeIgniter.php(502): CodeIgniter\CodeIgniter->runController(Object(App\Controllers\Blog))
11 SYSTEMPATH\CodeIgniter.php(361): CodeIgniter\CodeIgniter->handleRequest(null, Object(Config\Cache), false)
12 FCPATH\index.php(79): CodeIgniter\CodeIgniter->run()
CRITICAL - 2023-11-30 08:26:04 --> Call to undefined function form_open()
in APPPATH\Views\blog\create.php on line 2.
 1 SYSTEMPATH\View\View.php(228): include()
 2 SYSTEMPATH\View\View.php(231): CodeIgniter\View\View->CodeIgniter\View\{closure}()
 3 SYSTEMPATH\Common.php(1190): CodeIgniter\View\View->render('blog/create', [], true)
 4 APPPATH\Views\blog\index.php(55): view('blog/create')
 5 SYSTEMPATH\View\View.php(228): include('C:\\xampp\\htdocs\\CI4\\app\\Views\\blog\\index.php')
 6 SYSTEMPATH\View\View.php(231): CodeIgniter\View\View->CodeIgniter\View\{closure}()
 7 SYSTEMPATH\Common.php(1190): CodeIgniter\View\View->render('blog/index', [], true)
 8 APPPATH\Controllers\Blog.php(15): view('blog/index', [...])
 9 SYSTEMPATH\CodeIgniter.php(942): App\Controllers\Blog->index()
10 SYSTEMPATH\CodeIgniter.php(502): CodeIgniter\CodeIgniter->runController(Object(App\Controllers\Blog))
11 SYSTEMPATH\CodeIgniter.php(361): CodeIgniter\CodeIgniter->handleRequest(null, Object(Config\Cache), false)
12 FCPATH\index.php(79): CodeIgniter\CodeIgniter->run()
INFO - 2023-11-30 10:03:49 --> Session: Class initialized using 'CodeIgniter\Session\Handlers\FileHandler' driver.
